<?xml version="1.0" encoding="UTF-8"?>
<!-- Generated by org.testng.reporters.JUnitReportReporter -->
<testsuite hostname="LAPTOP-8J3R7791" failures="0" tests="1" name="getApiwithBddpattern.Fetch_Response_data_Concepts" time="4.543" errors="0" timestamp="2024-11-29T00:43:01 IST" skipped="0">
  <testcase classname="getApiwithBddpattern.Fetch_Response_data_Concepts" name="getProduct_FetchNestedData" time="4.543"/>
</testsuite> <!-- getApiwithBddpattern.Fetch_Response_data_Concepts -->
