<?xml version="1.0" encoding="UTF-8"?>
<!-- Generated by org.testng.reporters.JUnitReportReporter -->
<testsuite hostname="LAPTOP-8J3R7791" failures="0" tests="1" name="postWithAuthAPI.AuthAPITest" time="5.707" errors="0" timestamp="2024-11-29T19:19:20 IST" skipped="0">
  <testcase classname="postWithAuthAPI.AuthAPITest" name="getAuthTokenTest_With_Pojo_Class" time="5.707"/>
</testsuite> <!-- postWithAuthAPI.AuthAPITest -->
