<?xml version="1.0" encoding="UTF-8"?>
<!-- Generated by org.testng.reporters.JUnitReportReporter -->
<testsuite hostname="LAPTOP-8J3R7791" failures="0" tests="1" name="xmlapi.XMLPathTest" time="13.583" errors="0" timestamp="2024-12-07T01:09:15 IST" skipped="0">
  <testcase classname="xmlapi.XMLPathTest" name="circuitApiTest" time="13.583"/>
</testsuite> <!-- xmlapi.XMLPathTest -->
