<?xml version="1.0" encoding="UTF-8"?>
<!-- Generated by org.testng.reporters.JUnitReportReporter -->
<testsuite hostname="LAPTOP-8J3R7791" failures="0" tests="1" name="restassuredPratice.GetApiWithBDDFormat" time="2.265" errors="0" timestamp="2024-11-23T22:34:06 IST" skipped="0">
  <testcase classname="restassuredPratice.GetApiWithBDDFormat" name="getProductTest_2" time="2.265"/>
</testsuite> <!-- restassuredPratice.GetApiWithBDDFormat -->
