<?xml version="1.0" encoding="UTF-8"?>
<!-- Generated by org.testng.reporters.JUnitReportReporter -->
<testsuite hostname="LAPTOP-8J3R7791" failures="0" tests="1" name="getApiwithBddpattern.Get_Api_With_Queryparameter_and_Pathparameter" time="2.781" errors="0" timestamp="2024-11-29T00:54:56 IST" skipped="0">
  <testcase classname="getApiwithBddpattern.Get_Api_With_Queryparameter_and_Pathparameter" name="getUserApi_With_Pathparameter" time="2.781"/>
</testsuite> <!-- getApiwithBddpattern.Get_Api_With_Queryparameter_and_Pathparameter -->
