<?xml version="1.0" encoding="UTF-8"?>
<!-- Generated by org.testng.reporters.JUnitReportReporter -->
<testsuite hostname="LAPTOP-8J3R7791" failures="0" tests="1" name="postApiWithCreateUser.CreateUserAPITest" time="3.881" errors="0" timestamp="2024-11-30T07:45:03 IST" skipped="0">
  <testcase classname="postApiWithCreateUser.CreateUserAPITest" name="getAuthTokenTest_With_jsonFile" time="3.881"/>
</testsuite> <!-- postApiWithCreateUser.CreateUserAPITest -->
