<?xml version="1.0" encoding="UTF-8"?>
<!-- Generated by org.testng.reporters.JUnitReportReporter -->
<testsuite hostname="LAPTOP-8J3R7791" failures="0" tests="6" name="bookingApiTest.BookingApiFeatureTests" time="27.124" errors="0" timestamp="2024-11-30T16:54:21 IST" skipped="0">
  <testcase classname="bookingApiTest.BookingApiFeatureTests" name="createbookingidTest" time="6.654"/>
  <testcase classname="bookingApiTest.BookingApiFeatureTests" name="getBookingIdsTest" time="2.829"/>
  <testcase classname="bookingApiTest.BookingApiFeatureTests" name="deleteBookingTest" time="4.693"/>
  <testcase classname="bookingApiTest.BookingApiFeatureTests" name="partialUpdateBookingTest" time="4.634"/>
  <testcase classname="bookingApiTest.BookingApiFeatureTests" name="getBookingid" time="3.562"/>
  <testcase classname="bookingApiTest.BookingApiFeatureTests" name="updateBookingTest" time="4.752"/>
</testsuite> <!-- bookingApiTest.BookingApiFeatureTests -->
