<?xml version="1.0" encoding="UTF-8"?>
<!-- Generated by org.testng.reporters.JUnitReportReporter -->
<testsuite hostname="LAPTOP-8J3R7791" failures="0" tests="1" name="getapiwithoutbdd.Non_BDD_Approach_For_ContactApi" time="3.544" errors="0" timestamp="2024-11-25T15:33:11 IST" skipped="0">
  <testcase classname="getapiwithoutbdd.Non_BDD_Approach_For_ContactApi" name="getProductsTest_1" time="3.544"/>
</testsuite> <!-- getapiwithoutbdd.Non_BDD_Approach_For_ContactApi -->
