<?xml version="1.0" encoding="UTF-8"?>
<!-- Generated by org.testng.reporters.JUnitReportReporter -->
<testsuite hostname="LAPTOP-8J3R7791" failures="0" tests="1" name="jsonarrauusercreation.Json_Array_complex_Creation_Lombok" time="3.862" errors="0" timestamp="2024-12-05T14:23:39 IST" skipped="0">
  <testcase classname="jsonarrauusercreation.Json_Array_complex_Creation_Lombok" name="createUserWithjsonarraylombok_Builder" time="3.862"/>
</testsuite> <!-- jsonarrauusercreation.Json_Array_complex_Creation_Lombok -->
