<?xml version="1.0" encoding="UTF-8"?>
<!-- Generated by org.testng.reporters.JUnitReportReporter -->
<testsuite hostname="LAPTOP-8J3R7791" failures="0" tests="1" name="postApiWithCreateUser.UpdateUserWithPojo" time="4.744" errors="0" timestamp="2024-12-03T19:58:48 IST" skipped="0">
  <testcase classname="postApiWithCreateUser.UpdateUserWithPojo" name="updateTheUserWith_Pojoclass" time="4.744"/>
</testsuite> <!-- postApiWithCreateUser.UpdateUserWithPojo -->
