<?xml version="1.0" encoding="UTF-8"?>
<!-- Generated by org.testng.reporters.JUnitReportReporter -->
<testsuite hostname="LAPTOP-8J3R7791" failures="0" tests="1" name="fakerusercreate.Faker_User_Creation" time="3.376" errors="0" timestamp="2024-12-05T02:42:49 IST" skipped="0">
  <testcase classname="fakerusercreate.Faker_User_Creation" name="createUserTest_WithLombok_Builderpattern" time="3.376"/>
</testsuite> <!-- fakerusercreate.Faker_User_Creation -->
