<?xml version="1.0" encoding="UTF-8"?>
<!-- Generated by org.testng.reporters.JUnitReportReporter -->
<testsuite hostname="LAPTOP-8J3R7791" failures="0" tests="1" name="postApiWithCreateUser.UpdateUserWith_Lombook" time="3.285" errors="0" timestamp="2024-12-04T16:27:29 IST" skipped="0">
  <testcase classname="postApiWithCreateUser.UpdateUserWith_Lombook" name="updateTheUserWith_lombook_Builder" time="3.285"/>
</testsuite> <!-- postApiWithCreateUser.UpdateUserWith_Lombook -->
