<?xml version="1.0" encoding="UTF-8"?>
<!-- Generated by org.testng.reporters.JUnitReportReporter -->
<testsuite hostname="LAPTOP-8J3R7791" failures="0" tests="2" name="restassuredPratice.UseOf_BeforeTest_Annotation_inGetApi" time="3.409" errors="0" timestamp="2024-09-16T09:59:00 IST" skipped="0">
  <testcase classname="restassuredPratice.UseOf_BeforeTest_Annotation_inGetApi" name="getApiRequestQueryparameterusingHashMap" time="2.335"/>
  <testcase classname="restassuredPratice.UseOf_BeforeTest_Annotation_inGetApi" name="getApiRequestUsungQueryParameter" time="1.074"/>
</testsuite> <!-- restassuredPratice.UseOf_BeforeTest_Annotation_inGetApi -->
