<?xml version="1.0" encoding="UTF-8"?>
<!-- Generated by org.testng.reporters.JUnitReportReporter -->
<testsuite hostname="LAPTOP-8J3R7791" failures="0" tests="1" name="restassuredPratice.GetApiRequestTest" time="3.419" errors="0" timestamp="2024-09-16T07:35:04 IST" skipped="0">
  <testcase classname="restassuredPratice.GetApiRequestTest" name="getUserApi" time="3.419"/>
</testsuite> <!-- restassuredPratice.GetApiRequestTest -->
