<?xml version="1.0" encoding="UTF-8"?>
<!-- Generated by org.testng.reporters.JUnitReportReporter -->
<testsuite hostname="LAPTOP-8J3R7791" failures="0" tests="3" name="authentication.AuthApiTest" time="38.956" errors="0" timestamp="2024-12-07T02:19:37 IST" skipped="0">
  <testcase classname="authentication.AuthApiTest" name="basicAuthTest" time="20.057"/>
  <testcase classname="authentication.AuthApiTest" name="digastiveAuthTest" time="15.634"/>
  <testcase classname="authentication.AuthApiTest" name="preemptiveAuthTest" time="3.265"/>
</testsuite> <!-- authentication.AuthApiTest -->
