<?xml version="1.0" encoding="UTF-8"?>
<!-- Generated by org.testng.reporters.JUnitReportReporter -->
<testsuite hostname="LAPTOP-8J3R7791" failures="0" tests="1" name="restassuredPratice.ContactApiTestWithBddFormat" time="5.050" errors="0" timestamp="2024-11-25T15:18:51 IST" skipped="0">
  <testcase classname="restassuredPratice.ContactApiTestWithBddFormat" name="getContactApiTest_2" time="5.050"/>
</testsuite> <!-- restassuredPratice.ContactApiTestWithBddFormat -->
