<?xml version="1.0" encoding="UTF-8"?>
<!-- Generated by org.testng.reporters.JUnitReportReporter -->
<testsuite hostname="LAPTOP-8J3R7791" failures="0" tests="1" name="postWithAuthAPI.AuthAPITest" time="16.078" errors="0" timestamp="2024-12-03T17:20:35 IST" skipped="0">
  <testcase classname="postWithAuthAPI.AuthAPITest" name="getAuthTokenTest_With_PojoClass" time="16.078"/>
</testsuite> <!-- postWithAuthAPI.AuthAPITest -->
