<?xml version="1.0" encoding="UTF-8"?>
<!-- Generated by org.testng.reporters.JUnitReportReporter -->
<testsuite hostname="LAPTOP-8J3R7791" failures="0" tests="3" name="getApiwithBddpattern.Get_Api_With_Queryparameter_and_Pathparameter" time="4.440" errors="0" timestamp="2024-11-26T14:32:20 IST" skipped="0">
  <testcase classname="getApiwithBddpattern.Get_Api_With_Queryparameter_and_Pathparameter" name="getuser_With_Queryparams_Using_Map_oF" time="0.292"/>
  <testcase classname="getApiwithBddpattern.Get_Api_With_Queryparameter_and_Pathparameter" name="getuser_With_Queryparams_Using_Hashmap" time="0.257"/>
  <testcase classname="getApiwithBddpattern.Get_Api_With_Queryparameter_and_Pathparameter" name="getuser_With_Queryparams" time="3.891"/>
</testsuite> <!-- getApiwithBddpattern.Get_Api_With_Queryparameter_and_Pathparameter -->
