<?xml version="1.0" encoding="UTF-8"?>
<!-- Generated by org.testng.reporters.JUnitReportReporter -->
<testsuite hostname="LAPTOP-8J3R7791" failures="0" tests="2" name="restassuredPratice.GetApiRequestQueryParameter" time="3.598" errors="0" timestamp="2024-09-16T09:00:35 IST" skipped="0">
  <testcase classname="restassuredPratice.GetApiRequestQueryParameter" name="getApiRequestQueryparameterusingHashMap" time="2.595"/>
  <testcase classname="restassuredPratice.GetApiRequestQueryParameter" name="getApiRequestUsungQueryParameter" time="1.003"/>
</testsuite> <!-- restassuredPratice.GetApiRequestQueryParameter -->
