<?xml version="1.0" encoding="UTF-8"?>
<!-- Generated by org.testng.reporters.JUnitReportReporter -->
<testsuite hostname="LAPTOP-8J3R7791" failures="0" tests="2" name="getApiwithBddpattern.Get_Api_With_Queryparameter_and_Pathparameter" time="4.115" errors="0" timestamp="2024-11-26T15:21:28 IST" skipped="0">
  <testcase classname="getApiwithBddpattern.Get_Api_With_Queryparameter_and_Pathparameter" name="getuser_With_Queryparams_Using_Dataprovider" time="0.312"/>
  <testcase classname="getApiwithBddpattern.Get_Api_With_Queryparameter_and_Pathparameter" name="getuser_With_Queryparams_Using_Dataprovider" time="3.803"/>
</testsuite> <!-- getApiwithBddpattern.Get_Api_With_Queryparameter_and_Pathparameter -->
