<?xml version="1.0" encoding="UTF-8"?>
<!-- Generated by org.testng.reporters.JUnitReportReporter -->
<testsuite hostname="LAPTOP-8J3R7791" failures="0" tests="2" name="restassuredPratice.UseOf_BeforeTest_Annotation_inGetApi" time="3.182" errors="0" timestamp="2024-11-18T16:17:32 IST" skipped="0">
  <testcase classname="restassuredPratice.UseOf_BeforeTest_Annotation_inGetApi" name="getApiRequestQueryparameterusingHashMap" time="1.992"/>
  <testcase classname="restassuredPratice.UseOf_BeforeTest_Annotation_inGetApi" name="getApiRequestUsungQueryParameter" time="1.190"/>
</testsuite> <!-- restassuredPratice.UseOf_BeforeTest_Annotation_inGetApi -->
